The rotation from [1895.0944 , 2291.5173] to [ 589.2963 ,  207.3247] and then to [1360.9988 , 1611.9657] is: Clockwise
The rotation from [2292.0247 ,  377.8194] to [2199.8857 , 1769.8618] and then to [ 794.7105 ,  333.3443] is: CounterClockwise
The rotation from [2168.6051 ,  190.1934] to [1515.6065 , 1844.8768] and then to [ 810.2135 ,  789.6788] is: CounterClockwise
The rotation from [1714.9943 , 1430.3661] to [ 263.2164 ,  479.5652] and then to [ 986.6519 ,  948.7568] is: CounterClockwise
The rotation from [2317.9193 , 1823.5156] to [1245.0721 ,  314.3838] and then to [ 662.7263 , 2407.8562] is: Clockwise
The rotation from [ 628.8454 ,   17.2915] to [ 229.4597 , 1366.0440] and then to [2274.1660 , 2066.8851] is: Clockwise
The rotation from [ 577.3260 ,    5.8153] to [1730.2894 ,  646.9418] and then to [2284.7600 , 2190.3692] is: CounterClockwise
The rotation from [2467.9200 , 1611.0017] to [2273.1303 ,  501.2918] and then to [1969.0132 , 1616.6863] is: Clockwise
The rotation from [2155.2681 ,  711.7066] to [1257.4873 , 2181.8618] and then to [1000.7300 ,  311.7918] is: CounterClockwise
The rotation from [ 611.3609 , 2393.0207] to [2115.5840 , 1638.7200] and then to [1502.7879 , 1735.8334] is: Clockwise
The rotation from [ 498.1206 , 1972.4931] to [1976.3112 ,  257.9700] and then to [1029.2583 ,  786.3977] is: Clockwise
The rotation from [ 631.9877 , 2449.1860] to [ 340.7923 ,  802.3401] and then to [1480.1488 , 1038.4057] is: CounterClockwise
The rotation from [1535.3034 , 1267.5646] to [1708.7003 ,  411.1170] and then to [ 101.1136 , 1208.1377] is: Clockwise
The rotation from [1635.9934 ,  929.1106] to [ 717.2245 , 1199.9915] and then to [ 587.1679 ,  156.6485] is: CounterClockwise
The rotation from [1143.5393 ,  947.1144] to [ 759.1537 , 1752.3753] and then to [1639.4709 ,  517.7492] is: Clockwise
The rotation from [2339.2233 , 1909.8141] to [1530.2234 , 2291.5830] and then to [ 185.1723 , 2167.6372] is: CounterClockwise
The rotation from [ 798.0595 , 2167.6610] to [ 401.3311 , 2204.2014] and then to [1413.0167 , 2283.1546] is: Clockwise
The rotation from [ 157.3627 ,  671.0562] to [ 105.4870 ,  337.3965] and then to [1274.7640 ,  162.0008] is: CounterClockwise
The rotation from [ 938.1284 , 1077.5085] to [1745.6633 ,  118.8734] and then to [1689.5665 , 1569.6097] is: CounterClockwise
The rotation from [2037.3845 , 1377.0143] to [ 592.5162 , 1469.0157] and then to [2184.6299 ,  644.7255] is: CounterClockwise
The rotation from [1331.9200 ,  631.0138] to [ 478.5737 , 1512.8572] and then to [2118.0080 ,  499.7562] is: Clockwise
The rotation from [1284.2697 ,  842.9467] to [ 269.8843 ,   93.0243] and then to [2311.4929 ,  943.0540] is: CounterClockwise
The rotation from [ 304.8661 , 1657.2813] to [ 854.7153 , 1841.3917] and then to [ 716.2347 ,  703.0536] is: Clockwise
The rotation from [ 462.5926 ,  342.7195] to [2180.6878 , 2276.6239] and then to [ 994.5951 , 2456.1660] is: CounterClockwise
The rotation from [ 972.7547 ,  999.3510] to [ 956.6705 , 1214.8458] and then to [2171.2558 , 2367.1512] is: Clockwise
The rotation from [2108.6616 , 1123.2501] to [1363.6577 ,  376.4287] and then to [1722.5357 ,  113.7084] is: CounterClockwise
The rotation from [1661.9703 ,  150.1042] to [2479.2521 , 1712.0743] and then to [2376.2159 ,  633.7044] is: Clockwise
The rotation from [2459.4152 , 1789.5165] to [  10.0148 , 1779.8516] and then to [1918.2084 ,  938.5126] is: CounterClockwise
The rotation from [ 621.3416 , 1006.6433] to [1687.9670 ,  146.2460] and then to [2423.3477 ,  611.4186] is: CounterClockwise
The rotation from [ 948.3997 , 2189.1163] to [1727.3932 ,  376.0335] and then to [2303.4233 , 1899.3521] is: CounterClockwise
